cccc
(0.000) QUERY = "\n            SELECT name, type FROM sqlite_master\n            WHERE type in ('table', 'view') AND NOT name='sqlite_sequence'\n            ORDER BY name" - PARAMS = (); args=None
(0.000) QUERY = u'SELECT "django_migrations"."app", "django_migrations"."name" FROM "django_migrations"' - PARAMS = (); args=()
(0.000) QUERY = "\n            SELECT name, type FROM sqlite_master\n            WHERE type in ('table', 'view') AND NOT name='sqlite_sequence'\n            ORDER BY name" - PARAMS = (); args=None
(0.000) QUERY = u'SELECT "django_migrations"."app", "django_migrations"."name" FROM "django_migrations"' - PARAMS = (); args=()
cccc
aaaa
bbbb
cccc
INFO 2017-01-09 13:04:33,126 views 6829 123145310715904 cccc
INFO 2017-01-09 13:05:46,064 /Users/zing/Documents/workspace/ExcelDiffer/ExcelDifferApp/views.py views.py views index 14: cccc
INFO 2017-01-09 13:05:52,137 /Users/zing/Documents/workspace/ExcelDiffer/ExcelDifferApp/views.py views.py views getReport 20: aaaa
INFO 2017-01-09 13:05:52,138 /Users/zing/Documents/workspace/ExcelDiffer/ExcelDifferApp/svr/differ.py differ.py differ excelDiffer 89: bbbb
DEBUG 2017-01-09 14:36:06,317 /Users/zing/Documents/workspace/ExcelDiffer/ExcelDifferApp/views.py views.py views index 13: request for index
DEBUG 2017-01-09 14:37:01,989 /Users/zing/Documents/workspace/ExcelDiffer/ExcelDifferApp/views.py views.py views index 13: request for index
WARNING 2017-01-09 14:37:03,815 /Users/zing/Documents/workspace/ExcelDiffer/ExcelDifferApp/views.py views.py views getReport 24: the input is not correct
WARNING 2017-01-09 14:37:13,228 /Users/zing/Documents/workspace/ExcelDiffer/ExcelDifferApp/views.py views.py views getReport 29: the input is not correct
DEBUG 2017-01-09 14:37:33,960 /Users/zing/Documents/workspace/ExcelDiffer/ExcelDifferApp/views.py views.py views index 13: request for index
DEBUG 2017-01-09 14:38:00,648 /Users/zing/Documents/workspace/ExcelDiffer/ExcelDifferApp/views.py views.py views index 13: request for index
WARNING 2017-01-09 14:38:07,453 /Users/zing/Documents/workspace/ExcelDiffer/ExcelDifferApp/views.py views.py views getReport 29: the input is not correct
ERROR 2017-01-09 14:38:40,980 /Users/zing/Documents/workspace/ExcelDiffer/ExcelDifferApp/views.py views.py views getReport 51: error when uploading: [Errno 2] No such file or directory: '/Users/zing/Documents/workspace/ExcelDiffer/upload/oldexcel/_/newexcel/_/1701091438'
ERROR 2017-01-09 14:40:14,092 /Users/zing/Documents/workspace/ExcelDiffer/ExcelDifferApp/views.py views.py views getReport 49: error when uploading: join() takes exactly one argument (3 given)
DEBUG 2017-01-09 14:40:31,293 /Users/zing/Documents/workspace/ExcelDiffer/ExcelDifferApp/views.py views.py views getReport 36: upload:oldexcel.xlsx and newexcel.xlsx
ERROR 2017-01-09 14:40:31,293 /Users/zing/Documents/workspace/ExcelDiffer/ExcelDifferApp/views.py views.py views getReport 49: error when uploading: [Errno 2] No such file or directory: u'/Users/zing/Documents/workspace/ExcelDiffer/upload/oldexcel_newexcel_1701091440/upload/oldexcel.xlsx'
ERROR 2017-01-09 14:40:55,717 /Users/zing/Documents/workspace/ExcelDiffer/ExcelDifferApp/views.py views.py views getReport 49: error when uploading: [Errno 17] File exists: '/Users/zing/Documents/workspace/ExcelDiffer/upload/oldexcel_newexcel_1701091440'
DEBUG 2017-01-09 14:41:50,194 /Users/zing/Documents/workspace/ExcelDiffer/ExcelDifferApp/views.py views.py views getReport 36: upload:oldexcel.xlsx and newexcel.xlsx
